<?xml version="1.0" encoding="UTF-8"?>
<!-- Generated by org.testng.reporters.JUnitXMLReporter -->
<testsuite ignored="5" hostname="LAPTOP-QKPK2TJ9" failures="1" tests="1" name="Default test(failed)" time="11.061" errors="0" timestamp="2024-08-11T09:50:23 CEST">
  <testcase classname="groupmart.Tests.LoginRegressionTest" name="ValidLoginCredentials" time="1.009">
    <failure type="java.lang.AssertionError" message="expected [true] but found [false]">
      <![CDATA[java.lang.AssertionError: expected [true] but found [false]
at groupmart.Tests.LoginRegressionTest.ValidLoginCredentials(LoginRegressionTest.java:85)
at java.base/java.util.ArrayList.forEach(ArrayList.java:1511)
... Removed 31 stack frames]]>
    </failure>
  </testcase> <!-- ValidLoginCredentials -->
  <testcase classname="groupmart.Tests.LoginRegressionTest" name="incorrectEmail" time="0.0">
    <ignored/>
  </testcase> <!-- incorrectEmail -->
  <testcase classname="groupmart.Tests.LoginRegressionTest" name="incorrectPassword" time="0.0">
    <ignored/>
  </testcase> <!-- incorrectPassword -->
  <testcase classname="groupmart.Tests.LoginRegressionTest" name="emptyEmailandPasswordField" time="0.0">
    <ignored/>
  </testcase> <!-- emptyEmailandPasswordField -->
  <testcase classname="groupmart.Tests.LoginRegressionTest" name="incorrectLoginErrorValidation" time="0.0">
    <ignored/>
  </testcase> <!-- incorrectLoginErrorValidation -->
  <testcase classname="groupmart.Tests.LoginRegressionTest" name="incompleteEmail" time="0.0">
    <ignored/>
  </testcase> <!-- incompleteEmail -->
</testsuite> <!-- Default test(failed) -->
