<?xml version="1.0" encoding="UTF-8"?>
<!-- Generated by org.testng.reporters.JUnitXMLReporter -->
<testsuite ignored="0" hostname="LAPTOP-QKPK2TJ9" failures="2" tests="5" name="Submit Order Test" time="42.525" errors="0" timestamp="2024-06-30T16:49:10 CEST">
  <testcase classname="groupmart.Tests.SubmitOrderTest" name="submitOrder" time="5.181">
    <skipped/>
  </testcase> <!-- submitOrder -->
  <testcase classname="groupmart.Tests.SubmitOrderTest" name="submitOrder" time="5.198">
    <failure type="java.lang.AssertionError" message="expected [true] but found [false]">
      <![CDATA[java.lang.AssertionError: expected [true] but found [false]
at groupmart.Tests.SubmitOrderTest.submitOrder(SubmitOrderTest.java:63)
at java.base/java.util.ArrayList.forEach(ArrayList.java:1511)
at java.base/java.util.concurrent.FutureTask.run(FutureTask.java:264)
at java.base/java.util.concurrent.ThreadPoolExecutor.runWorker(ThreadPoolExecutor.java:1136)
at java.base/java.util.concurrent.ThreadPoolExecutor$Worker.run(ThreadPoolExecutor.java:635)
at java.base/java.lang.Thread.run(Thread.java:840)
... Removed 21 stack frames]]>
    </failure>
  </testcase> <!-- submitOrder -->
  <testcase classname="groupmart.Tests.SubmitOrderTest" name="submitOrder" time="5.148">
    <skipped/>
  </testcase> <!-- submitOrder -->
  <testcase classname="groupmart.Tests.SubmitOrderTest" name="submitOrder" time="5.173">
    <failure type="java.lang.AssertionError" message="expected [true] but found [false]">
      <![CDATA[java.lang.AssertionError: expected [true] but found [false]
at groupmart.Tests.SubmitOrderTest.submitOrder(SubmitOrderTest.java:63)
at java.base/java.util.ArrayList.forEach(ArrayList.java:1511)
at java.base/java.util.concurrent.FutureTask.run(FutureTask.java:264)
at java.base/java.util.concurrent.ThreadPoolExecutor.runWorker(ThreadPoolExecutor.java:1136)
at java.base/java.util.concurrent.ThreadPoolExecutor$Worker.run(ThreadPoolExecutor.java:635)
at java.base/java.lang.Thread.run(Thread.java:840)
... Removed 21 stack frames]]>
    </failure>
  </testcase> <!-- submitOrder -->
  <testcase classname="groupmart.Tests.SubmitOrderTest" name="productInOrderHistoryTest" time="0.0">
    <skipped/>
  </testcase> <!-- productInOrderHistoryTest -->
</testsuite> <!-- Submit Order Test -->
